2019-02-02 18:21:29,552 CRIT Supervisor running as root (no user in config file)
2019-02-02 18:21:29,553 INFO Included extra file "/etc/supervisor/conf.d/supervisord.conf" during parsing
2019-02-02 18:21:29,785 INFO RPC interface 'supervisor' initialized
2019-02-02 18:21:29,786 CRIT Server 'unix_http_server' running without any HTTP authentication checking
2019-02-02 18:21:29,794 INFO supervisord started with pid 1
2019-02-02 18:21:30,805 INFO spawned: 'varnishd' with pid 15
2019-02-02 18:21:30,826 INFO spawned: 'php-fpm' with pid 16
2019-02-02 18:21:30,844 INFO spawned: 'varnish-plugins-watcher' with pid 17
2019-02-02 18:21:30,868 INFO spawned: 'nginx' with pid 18
2019-02-02 18:21:32,346 INFO spawned: 'MailHog' with pid 21
2019-02-02 18:21:32,374 INFO spawned: 'mysql' with pid 24
2019-02-02 18:21:32,418 INFO spawned: 'varnish-themes-watcher' with pid 25
2019-02-02 18:21:32,446 INFO success: varnishd entered RUNNING state, process has stayed up for > than 1 seconds (startsecs)
2019-02-02 18:21:32,450 INFO success: php-fpm entered RUNNING state, process has stayed up for > than 1 seconds (startsecs)
2019-02-02 18:21:32,451 INFO success: varnish-plugins-watcher entered RUNNING state, process has stayed up for > than 1 seconds (startsecs)
2019-02-02 18:21:32,452 INFO success: nginx entered RUNNING state, process has stayed up for > than 1 seconds (startsecs)
2019-02-02 18:21:32,458 INFO success: MailHog entered RUNNING state, process has stayed up for > than 1 seconds (startsecs)
2019-02-02 18:21:33,547 INFO success: mysql entered RUNNING state, process has stayed up for > than 1 seconds (startsecs)
2019-02-02 18:21:33,548 INFO success: varnish-themes-watcher entered RUNNING state, process has stayed up for > than 1 seconds (startsecs)
2019-02-02 19:53:03,801 WARN received SIGTERM indicating exit request
2019-02-02 19:53:03,802 INFO waiting for varnishd, php-fpm, varnish-plugins-watcher, nginx, MailHog, mysql, varnish-themes-watcher to die
2019-02-02 19:53:04,804 INFO stopped: varnish-themes-watcher (terminated by SIGTERM)
2019-02-02 19:53:04,900 INFO stopped: mysql (exit status 0)
2019-02-02 19:53:04,901 INFO stopped: MailHog (terminated by SIGTERM)
2019-02-02 19:53:04,907 INFO stopped: nginx (exit status 0)
2019-02-02 19:53:05,910 INFO stopped: varnish-plugins-watcher (terminated by SIGTERM)
2019-02-02 19:53:06,079 INFO stopped: php-fpm (exit status 0)
2019-02-02 19:53:06,618 INFO reaped unknown pid 30
2019-02-02 19:53:07,112 INFO waiting for varnishd to die
2019-02-02 19:53:07,325 INFO stopped: varnishd (exit status 0)
2019-02-06 11:19:59,413 CRIT Supervisor running as root (no user in config file)
2019-02-06 11:19:59,478 INFO Included extra file "/etc/supervisor/conf.d/supervisord.conf" during parsing
2019-02-06 11:20:00,159 INFO RPC interface 'supervisor' initialized
2019-02-06 11:20:00,168 CRIT Server 'unix_http_server' running without any HTTP authentication checking
2019-02-06 11:20:00,170 INFO supervisord started with pid 1
2019-02-06 11:20:01,368 INFO spawned: 'varnishd' with pid 87
2019-02-06 11:20:01,425 INFO spawned: 'php-fpm' with pid 88
2019-02-06 11:20:01,562 INFO spawned: 'varnish-plugins-watcher' with pid 89
2019-02-06 11:20:01,990 INFO spawned: 'nginx' with pid 92
2019-02-06 11:20:04,588 INFO spawned: 'MailHog' with pid 97
2019-02-06 11:20:04,681 INFO spawned: 'mysql' with pid 103
2019-02-06 11:20:04,924 INFO spawned: 'varnish-themes-watcher' with pid 107
2019-02-06 11:20:04,970 INFO success: varnishd entered RUNNING state, process has stayed up for > than 1 seconds (startsecs)
2019-02-06 11:20:04,971 INFO success: php-fpm entered RUNNING state, process has stayed up for > than 1 seconds (startsecs)
2019-02-06 11:20:04,972 INFO success: varnish-plugins-watcher entered RUNNING state, process has stayed up for > than 1 seconds (startsecs)
2019-02-06 11:20:04,972 INFO success: nginx entered RUNNING state, process has stayed up for > than 1 seconds (startsecs)
2019-02-06 11:20:04,973 INFO success: MailHog entered RUNNING state, process has stayed up for > than 1 seconds (startsecs)
2019-02-06 11:20:06,617 INFO success: mysql entered RUNNING state, process has stayed up for > than 1 seconds (startsecs)
2019-02-06 11:20:06,643 INFO success: varnish-themes-watcher entered RUNNING state, process has stayed up for > than 1 seconds (startsecs)
2019-02-07 08:00:47,945 CRIT Supervisor running as root (no user in config file)
2019-02-07 08:00:47,956 INFO Included extra file "/etc/supervisor/conf.d/supervisord.conf" during parsing
2019-02-07 08:00:48,664 INFO RPC interface 'supervisor' initialized
2019-02-07 08:00:48,670 CRIT Server 'unix_http_server' running without any HTTP authentication checking
2019-02-07 08:00:48,671 INFO supervisord started with pid 1
2019-02-07 08:00:49,964 INFO spawned: 'varnishd' with pid 71
2019-02-07 08:00:50,031 INFO spawned: 'php-fpm' with pid 72
2019-02-07 08:00:50,077 INFO spawned: 'varnish-plugins-watcher' with pid 73
2019-02-07 08:00:50,164 INFO spawned: 'nginx' with pid 74
2019-02-07 08:00:50,170 INFO spawned: 'MailHog' with pid 75
2019-02-07 08:00:50,359 INFO spawned: 'mysql' with pid 76
2019-02-07 08:00:50,367 INFO spawned: 'varnish-themes-watcher' with pid 77
2019-02-07 08:00:51,417 INFO success: varnishd entered RUNNING state, process has stayed up for > than 1 seconds (startsecs)
2019-02-07 08:00:51,426 INFO success: php-fpm entered RUNNING state, process has stayed up for > than 1 seconds (startsecs)
2019-02-07 08:00:51,427 INFO success: varnish-plugins-watcher entered RUNNING state, process has stayed up for > than 1 seconds (startsecs)
2019-02-07 08:00:51,428 INFO success: nginx entered RUNNING state, process has stayed up for > than 1 seconds (startsecs)
2019-02-07 08:00:51,430 INFO success: MailHog entered RUNNING state, process has stayed up for > than 1 seconds (startsecs)
2019-02-07 08:00:51,431 INFO success: mysql entered RUNNING state, process has stayed up for > than 1 seconds (startsecs)
2019-02-07 08:00:51,549 INFO success: varnish-themes-watcher entered RUNNING state, process has stayed up for > than 1 seconds (startsecs)
2019-02-07 08:01:03,560 INFO exited: mysql (exit status 0; expected)
2019-02-07 08:01:04,570 INFO spawned: 'mysql' with pid 181
2019-02-07 08:01:05,584 INFO success: mysql entered RUNNING state, process has stayed up for > than 1 seconds (startsecs)
2019-02-07 13:46:19,807 CRIT Supervisor running as root (no user in config file)
2019-02-07 13:46:19,818 INFO Included extra file "/etc/supervisor/conf.d/supervisord.conf" during parsing
2019-02-07 13:46:20,668 INFO RPC interface 'supervisor' initialized
2019-02-07 13:46:20,676 CRIT Server 'unix_http_server' running without any HTTP authentication checking
2019-02-07 13:46:20,677 INFO supervisord started with pid 1
2019-02-07 13:46:21,730 INFO spawned: 'varnishd' with pid 67
2019-02-07 13:46:21,871 INFO spawned: 'php-fpm' with pid 68
2019-02-07 13:46:21,914 INFO spawned: 'varnish-plugins-watcher' with pid 71
2019-02-07 13:46:22,063 INFO spawned: 'nginx' with pid 72
2019-02-07 13:46:22,122 INFO spawned: 'MailHog' with pid 73
2019-02-07 13:46:22,183 INFO spawned: 'mysql' with pid 74
2019-02-07 13:46:22,250 INFO spawned: 'varnish-themes-watcher' with pid 75
2019-02-07 13:46:23,181 INFO success: varnishd entered RUNNING state, process has stayed up for > than 1 seconds (startsecs)
2019-02-07 13:46:23,182 INFO success: php-fpm entered RUNNING state, process has stayed up for > than 1 seconds (startsecs)
2019-02-07 13:46:23,182 INFO success: varnish-plugins-watcher entered RUNNING state, process has stayed up for > than 1 seconds (startsecs)
2019-02-07 13:46:23,183 INFO success: nginx entered RUNNING state, process has stayed up for > than 1 seconds (startsecs)
2019-02-07 13:46:23,183 INFO success: MailHog entered RUNNING state, process has stayed up for > than 1 seconds (startsecs)
2019-02-07 13:46:23,184 INFO success: mysql entered RUNNING state, process has stayed up for > than 1 seconds (startsecs)
2019-02-07 13:46:23,185 INFO success: varnish-themes-watcher entered RUNNING state, process has stayed up for > than 1 seconds (startsecs)
2019-02-07 17:02:03,076 WARN received SIGTERM indicating exit request
2019-02-07 17:02:03,076 INFO waiting for varnishd, php-fpm, varnish-plugins-watcher, nginx, MailHog, mysql, varnish-themes-watcher to die
2019-02-07 17:02:04,078 INFO stopped: varnish-themes-watcher (terminated by SIGTERM)
2019-02-07 17:02:04,117 INFO stopped: mysql (exit status 0)
2019-02-07 17:02:04,122 INFO stopped: MailHog (terminated by SIGTERM)
2019-02-07 17:02:04,133 INFO stopped: nginx (exit status 0)
2019-02-07 17:02:05,139 INFO stopped: varnish-plugins-watcher (terminated by SIGTERM)
2019-02-07 17:02:05,185 INFO stopped: php-fpm (exit status 0)
2019-02-08 07:06:52,581 CRIT Supervisor running as root (no user in config file)
2019-02-08 07:06:52,601 INFO Included extra file "/etc/supervisor/conf.d/supervisord.conf" during parsing
2019-02-08 07:06:53,038 INFO RPC interface 'supervisor' initialized
2019-02-08 07:06:53,049 CRIT Server 'unix_http_server' running without any HTTP authentication checking
2019-02-08 07:06:53,050 INFO supervisord started with pid 1
2019-02-08 07:06:54,141 INFO spawned: 'varnishd' with pid 69
2019-02-08 07:06:54,150 INFO spawned: 'php-fpm' with pid 70
2019-02-08 07:06:54,169 INFO spawned: 'varnish-plugins-watcher' with pid 71
2019-02-08 07:06:54,462 INFO spawned: 'nginx' with pid 72
2019-02-08 07:06:54,475 INFO spawned: 'MailHog' with pid 73
2019-02-08 07:06:54,512 INFO spawned: 'mysql' with pid 74
2019-02-08 07:06:54,547 INFO spawned: 'varnish-themes-watcher' with pid 77
2019-02-08 07:06:55,122 INFO success: varnishd entered RUNNING state, process has stayed up for > than 1 seconds (startsecs)
2019-02-08 07:06:56,125 INFO success: php-fpm entered RUNNING state, process has stayed up for > than 1 seconds (startsecs)
2019-02-08 07:06:56,125 INFO success: varnish-plugins-watcher entered RUNNING state, process has stayed up for > than 1 seconds (startsecs)
2019-02-08 07:06:56,126 INFO success: nginx entered RUNNING state, process has stayed up for > than 1 seconds (startsecs)
2019-02-08 07:06:56,126 INFO success: MailHog entered RUNNING state, process has stayed up for > than 1 seconds (startsecs)
2019-02-08 07:06:56,127 INFO success: mysql entered RUNNING state, process has stayed up for > than 1 seconds (startsecs)
2019-02-08 07:06:56,128 INFO success: varnish-themes-watcher entered RUNNING state, process has stayed up for > than 1 seconds (startsecs)
2019-02-08 08:21:16,538 WARN received SIGTERM indicating exit request
2019-02-08 08:21:16,539 INFO waiting for varnishd, php-fpm, varnish-plugins-watcher, nginx, MailHog, mysql, varnish-themes-watcher to die
2019-02-08 08:21:17,541 INFO stopped: varnish-themes-watcher (terminated by SIGTERM)
2019-02-08 08:21:17,587 INFO stopped: mysql (exit status 0)
2019-02-08 08:21:17,589 INFO stopped: MailHog (terminated by SIGTERM)
2019-02-08 08:21:17,601 INFO stopped: nginx (exit status 0)
2019-02-08 13:13:49,032 CRIT Supervisor running as root (no user in config file)
2019-02-08 13:13:49,075 INFO Included extra file "/etc/supervisor/conf.d/supervisord.conf" during parsing
2019-02-08 13:13:49,917 INFO RPC interface 'supervisor' initialized
2019-02-08 13:13:49,918 CRIT Server 'unix_http_server' running without any HTTP authentication checking
2019-02-08 13:13:49,918 INFO supervisord started with pid 1
2019-02-08 13:13:50,954 INFO spawned: 'varnishd' with pid 69
2019-02-08 13:13:51,109 INFO spawned: 'php-fpm' with pid 70
2019-02-08 13:13:51,173 INFO spawned: 'varnish-plugins-watcher' with pid 71
2019-02-08 13:13:51,638 INFO spawned: 'nginx' with pid 74
2019-02-08 13:13:51,659 INFO spawned: 'MailHog' with pid 75
2019-02-08 13:13:51,674 INFO spawned: 'mysql' with pid 76
2019-02-08 13:13:51,714 INFO spawned: 'varnish-themes-watcher' with pid 77
2019-02-08 13:13:52,231 INFO success: varnishd entered RUNNING state, process has stayed up for > than 1 seconds (startsecs)
2019-02-08 13:13:52,232 INFO success: php-fpm entered RUNNING state, process has stayed up for > than 1 seconds (startsecs)
2019-02-08 13:13:52,232 INFO success: varnish-plugins-watcher entered RUNNING state, process has stayed up for > than 1 seconds (startsecs)
2019-02-08 13:13:52,233 INFO success: nginx entered RUNNING state, process has stayed up for > than 1 seconds (startsecs)
2019-02-08 13:13:53,073 INFO success: MailHog entered RUNNING state, process has stayed up for > than 1 seconds (startsecs)
2019-02-08 13:13:53,074 INFO success: mysql entered RUNNING state, process has stayed up for > than 1 seconds (startsecs)
2019-02-08 13:13:53,076 INFO success: varnish-themes-watcher entered RUNNING state, process has stayed up for > than 1 seconds (startsecs)
2019-02-09 02:24:30,405 CRIT Supervisor running as root (no user in config file)
2019-02-09 02:24:30,418 INFO Included extra file "/etc/supervisor/conf.d/supervisord.conf" during parsing
2019-02-09 02:24:30,955 INFO RPC interface 'supervisor' initialized
2019-02-09 02:24:30,961 CRIT Server 'unix_http_server' running without any HTTP authentication checking
2019-02-09 02:24:30,961 INFO supervisord started with pid 1
2019-02-09 02:24:32,056 INFO spawned: 'varnishd' with pid 67
2019-02-09 02:24:32,110 INFO spawned: 'php-fpm' with pid 68
2019-02-09 02:24:32,157 INFO spawned: 'varnish-plugins-watcher' with pid 69
2019-02-09 02:24:32,356 INFO spawned: 'nginx' with pid 70
2019-02-09 02:24:32,362 INFO spawned: 'MailHog' with pid 71
2019-02-09 02:24:32,402 INFO spawned: 'mysql' with pid 72
2019-02-09 02:24:32,625 INFO spawned: 'varnish-themes-watcher' with pid 75
2019-02-09 02:24:33,604 INFO success: varnishd entered RUNNING state, process has stayed up for > than 1 seconds (startsecs)
2019-02-09 02:24:33,605 INFO success: php-fpm entered RUNNING state, process has stayed up for > than 1 seconds (startsecs)
2019-02-09 02:24:33,605 INFO success: varnish-plugins-watcher entered RUNNING state, process has stayed up for > than 1 seconds (startsecs)
2019-02-09 02:24:33,606 INFO success: nginx entered RUNNING state, process has stayed up for > than 1 seconds (startsecs)
2019-02-09 02:24:33,606 INFO success: MailHog entered RUNNING state, process has stayed up for > than 1 seconds (startsecs)
2019-02-09 02:24:33,607 INFO success: mysql entered RUNNING state, process has stayed up for > than 1 seconds (startsecs)
2019-02-09 02:24:33,607 INFO success: varnish-themes-watcher entered RUNNING state, process has stayed up for > than 1 seconds (startsecs)
2019-02-09 15:07:28,408 CRIT Supervisor running as root (no user in config file)
2019-02-09 15:07:28,454 INFO Included extra file "/etc/supervisor/conf.d/supervisord.conf" during parsing
2019-02-09 15:07:28,912 INFO RPC interface 'supervisor' initialized
2019-02-09 15:07:28,924 CRIT Server 'unix_http_server' running without any HTTP authentication checking
2019-02-09 15:07:28,925 INFO supervisord started with pid 1
2019-02-09 15:07:29,941 INFO spawned: 'varnishd' with pid 69
2019-02-09 15:07:29,984 INFO spawned: 'php-fpm' with pid 70
2019-02-09 15:07:30,054 INFO spawned: 'varnish-plugins-watcher' with pid 71
2019-02-09 15:07:30,342 INFO spawned: 'nginx' with pid 72
2019-02-09 15:07:30,352 INFO spawned: 'MailHog' with pid 73
2019-02-09 15:07:30,426 INFO spawned: 'mysql' with pid 74
2019-02-09 15:07:30,431 INFO spawned: 'varnish-themes-watcher' with pid 75
2019-02-09 15:07:31,037 INFO success: varnishd entered RUNNING state, process has stayed up for > than 1 seconds (startsecs)
2019-02-09 15:07:31,038 INFO success: php-fpm entered RUNNING state, process has stayed up for > than 1 seconds (startsecs)
2019-02-09 15:07:31,038 INFO success: varnish-plugins-watcher entered RUNNING state, process has stayed up for > than 1 seconds (startsecs)
2019-02-09 15:07:32,002 INFO success: nginx entered RUNNING state, process has stayed up for > than 1 seconds (startsecs)
2019-02-09 15:07:32,003 INFO success: MailHog entered RUNNING state, process has stayed up for > than 1 seconds (startsecs)
2019-02-09 15:07:32,003 INFO success: mysql entered RUNNING state, process has stayed up for > than 1 seconds (startsecs)
2019-02-09 15:07:32,003 INFO success: varnish-themes-watcher entered RUNNING state, process has stayed up for > than 1 seconds (startsecs)
2019-02-09 18:18:53,073 WARN received SIGTERM indicating exit request
2019-02-09 18:18:53,074 INFO waiting for varnishd, php-fpm, varnish-plugins-watcher, nginx, MailHog, mysql, varnish-themes-watcher to die
2019-02-09 18:18:54,077 INFO stopped: varnish-themes-watcher (terminated by SIGTERM)
2019-02-09 18:18:54,116 INFO stopped: mysql (exit status 0)
2019-02-09 18:18:54,118 INFO stopped: MailHog (terminated by SIGTERM)
2019-02-09 18:18:54,137 INFO stopped: nginx (exit status 0)
2019-02-09 18:18:55,142 INFO stopped: varnish-plugins-watcher (terminated by SIGTERM)
2019-02-09 18:18:55,297 INFO stopped: php-fpm (exit status 0)
2019-02-09 18:18:56,055 INFO reaped unknown pid 86
2019-02-09 18:18:56,358 INFO waiting for varnishd to die
2019-02-09 18:18:56,393 INFO stopped: varnishd (exit status 0)
2019-02-10 10:57:13,141 CRIT Supervisor running as root (no user in config file)
2019-02-10 10:57:13,183 INFO Included extra file "/etc/supervisor/conf.d/supervisord.conf" during parsing
2019-02-10 10:57:13,877 INFO RPC interface 'supervisor' initialized
2019-02-10 10:57:13,878 CRIT Server 'unix_http_server' running without any HTTP authentication checking
2019-02-10 10:57:13,879 INFO supervisord started with pid 1
2019-02-10 10:57:14,884 INFO spawned: 'varnishd' with pid 68
2019-02-10 10:57:15,855 INFO spawned: 'php-fpm' with pid 71
2019-02-10 10:57:15,862 INFO spawned: 'varnish-plugins-watcher' with pid 72
2019-02-10 10:57:16,482 INFO spawned: 'nginx' with pid 73
2019-02-10 10:57:16,487 INFO spawned: 'MailHog' with pid 75
2019-02-10 10:57:16,497 INFO spawned: 'mysql' with pid 76
2019-02-10 10:57:16,523 INFO spawned: 'varnish-themes-watcher' with pid 78
2019-02-10 10:57:17,533 INFO success: varnishd entered RUNNING state, process has stayed up for > than 1 seconds (startsecs)
2019-02-10 10:57:17,534 INFO success: php-fpm entered RUNNING state, process has stayed up for > than 1 seconds (startsecs)
2019-02-10 10:57:17,535 INFO success: varnish-plugins-watcher entered RUNNING state, process has stayed up for > than 1 seconds (startsecs)
2019-02-10 10:57:17,535 INFO success: nginx entered RUNNING state, process has stayed up for > than 1 seconds (startsecs)
2019-02-10 10:57:17,536 INFO success: MailHog entered RUNNING state, process has stayed up for > than 1 seconds (startsecs)
2019-02-10 10:57:17,536 INFO success: mysql entered RUNNING state, process has stayed up for > than 1 seconds (startsecs)
2019-02-10 10:57:17,537 INFO success: varnish-themes-watcher entered RUNNING state, process has stayed up for > than 1 seconds (startsecs)
2019-02-10 18:14:53,701 WARN received SIGTERM indicating exit request
2019-02-10 18:14:53,701 INFO waiting for varnishd, php-fpm, varnish-plugins-watcher, nginx, MailHog, mysql, varnish-themes-watcher to die
2019-02-10 18:14:54,703 INFO stopped: varnish-themes-watcher (terminated by SIGTERM)
2019-02-10 18:14:54,754 INFO stopped: mysql (exit status 0)
2019-02-10 18:14:54,756 INFO stopped: MailHog (terminated by SIGTERM)
2019-02-10 18:14:54,763 INFO stopped: nginx (exit status 0)
2019-02-10 18:14:55,583 INFO stopped: varnish-plugins-watcher (terminated by SIGTERM)
2019-02-10 18:14:55,583 INFO reaped unknown pid 21375
2019-02-10 21:50:13,120 CRIT Supervisor running as root (no user in config file)
2019-02-10 21:50:13,168 INFO Included extra file "/etc/supervisor/conf.d/supervisord.conf" during parsing
2019-02-10 21:50:13,733 INFO RPC interface 'supervisor' initialized
2019-02-10 21:50:13,737 CRIT Server 'unix_http_server' running without any HTTP authentication checking
2019-02-10 21:50:13,738 INFO supervisord started with pid 1
2019-02-10 21:50:14,787 INFO spawned: 'varnishd' with pid 69
2019-02-10 21:50:14,835 INFO spawned: 'php-fpm' with pid 70
2019-02-10 21:50:14,848 INFO spawned: 'varnish-plugins-watcher' with pid 71
2019-02-10 21:50:14,925 INFO spawned: 'nginx' with pid 72
2019-02-10 21:50:14,933 INFO spawned: 'MailHog' with pid 73
2019-02-10 21:50:14,989 INFO spawned: 'mysql' with pid 74
2019-02-10 21:50:15,049 INFO spawned: 'varnish-themes-watcher' with pid 75
2019-02-10 21:50:16,053 INFO success: varnishd entered RUNNING state, process has stayed up for > than 1 seconds (startsecs)
2019-02-10 21:50:16,053 INFO success: php-fpm entered RUNNING state, process has stayed up for > than 1 seconds (startsecs)
2019-02-10 21:50:16,054 INFO success: varnish-plugins-watcher entered RUNNING state, process has stayed up for > than 1 seconds (startsecs)
2019-02-10 21:50:16,054 INFO success: nginx entered RUNNING state, process has stayed up for > than 1 seconds (startsecs)
2019-02-10 21:50:16,055 INFO success: MailHog entered RUNNING state, process has stayed up for > than 1 seconds (startsecs)
2019-02-10 21:50:16,055 INFO success: mysql entered RUNNING state, process has stayed up for > than 1 seconds (startsecs)
2019-02-10 21:50:16,055 INFO success: varnish-themes-watcher entered RUNNING state, process has stayed up for > than 1 seconds (startsecs)
2019-02-10 23:00:23,819 WARN received SIGTERM indicating exit request
2019-02-10 23:00:23,820 INFO waiting for varnishd, php-fpm, varnish-plugins-watcher, nginx, MailHog, mysql, varnish-themes-watcher to die
2019-02-10 23:00:24,639 INFO stopped: varnish-themes-watcher (terminated by SIGTERM)
2019-02-10 23:00:24,642 INFO reaped unknown pid 3736
2019-02-10 23:00:24,685 INFO stopped: mysql (exit status 0)
2019-02-10 23:00:24,687 INFO stopped: MailHog (terminated by SIGTERM)
2019-02-10 23:00:24,695 INFO stopped: nginx (exit status 0)
2019-02-10 23:00:25,696 INFO stopped: varnish-plugins-watcher (terminated by SIGTERM)
2019-02-10 23:00:25,723 INFO stopped: php-fpm (exit status 0)
2019-02-10 23:00:26,231 INFO reaped unknown pid 76
2019-02-10 23:00:26,869 INFO waiting for varnishd to die
2019-02-10 23:00:26,870 INFO stopped: varnishd (exit status 0)
2019-02-10 23:15:06,256 CRIT Supervisor running as root (no user in config file)
2019-02-10 23:15:06,264 INFO Included extra file "/etc/supervisor/conf.d/supervisord.conf" during parsing
2019-02-10 23:15:06,341 INFO RPC interface 'supervisor' initialized
2019-02-10 23:15:06,351 CRIT Server 'unix_http_server' running without any HTTP authentication checking
2019-02-10 23:15:06,353 INFO supervisord started with pid 1
2019-02-10 23:15:07,359 INFO spawned: 'varnishd' with pid 53
2019-02-10 23:15:07,365 INFO spawned: 'php-fpm' with pid 55
2019-02-10 23:15:07,375 INFO spawned: 'varnish-plugins-watcher' with pid 56
2019-02-10 23:15:07,396 INFO spawned: 'nginx' with pid 58
2019-02-10 23:15:07,408 INFO spawned: 'MailHog' with pid 59
2019-02-10 23:15:07,424 INFO spawned: 'mysql' with pid 60
2019-02-10 23:15:07,449 INFO spawned: 'varnish-themes-watcher' with pid 61
2019-02-10 23:15:08,702 INFO success: varnishd entered RUNNING state, process has stayed up for > than 1 seconds (startsecs)
2019-02-10 23:15:08,703 INFO success: php-fpm entered RUNNING state, process has stayed up for > than 1 seconds (startsecs)
2019-02-10 23:15:08,705 INFO success: varnish-plugins-watcher entered RUNNING state, process has stayed up for > than 1 seconds (startsecs)
2019-02-10 23:15:08,706 INFO success: nginx entered RUNNING state, process has stayed up for > than 1 seconds (startsecs)
2019-02-10 23:15:08,707 INFO success: MailHog entered RUNNING state, process has stayed up for > than 1 seconds (startsecs)
2019-02-10 23:15:08,708 INFO success: mysql entered RUNNING state, process has stayed up for > than 1 seconds (startsecs)
2019-02-10 23:15:08,710 INFO success: varnish-themes-watcher entered RUNNING state, process has stayed up for > than 1 seconds (startsecs)
2019-02-11 05:04:55,951 CRIT Supervisor running as root (no user in config file)
2019-02-11 05:04:55,962 INFO Included extra file "/etc/supervisor/conf.d/supervisord.conf" during parsing
2019-02-11 05:04:56,543 INFO RPC interface 'supervisor' initialized
2019-02-11 05:04:56,545 CRIT Server 'unix_http_server' running without any HTTP authentication checking
2019-02-11 05:04:56,550 INFO supervisord started with pid 1
2019-02-11 05:04:57,753 INFO spawned: 'varnishd' with pid 67
2019-02-11 05:04:57,975 INFO spawned: 'php-fpm' with pid 72
2019-02-11 05:04:57,982 INFO spawned: 'varnish-plugins-watcher' with pid 73
2019-02-11 05:04:58,185 INFO spawned: 'nginx' with pid 74
2019-02-11 05:04:58,222 INFO spawned: 'MailHog' with pid 75
2019-02-11 05:04:58,326 INFO spawned: 'mysql' with pid 76
2019-02-11 05:04:58,334 INFO spawned: 'varnish-themes-watcher' with pid 77
2019-02-11 05:04:59,063 INFO success: varnishd entered RUNNING state, process has stayed up for > than 1 seconds (startsecs)
2019-02-11 05:04:59,064 INFO success: php-fpm entered RUNNING state, process has stayed up for > than 1 seconds (startsecs)
2019-02-11 05:04:59,064 INFO success: varnish-plugins-watcher entered RUNNING state, process has stayed up for > than 1 seconds (startsecs)
2019-02-11 05:05:00,062 INFO success: nginx entered RUNNING state, process has stayed up for > than 1 seconds (startsecs)
2019-02-11 05:05:00,063 INFO success: MailHog entered RUNNING state, process has stayed up for > than 1 seconds (startsecs)
2019-02-11 05:05:00,063 INFO success: mysql entered RUNNING state, process has stayed up for > than 1 seconds (startsecs)
2019-02-11 05:05:00,063 INFO success: varnish-themes-watcher entered RUNNING state, process has stayed up for > than 1 seconds (startsecs)
2019-02-11 05:05:06,579 INFO exited: mysql (exit status 0; expected)
2019-02-11 05:05:07,586 INFO spawned: 'mysql' with pid 161
2019-02-11 05:05:08,589 INFO success: mysql entered RUNNING state, process has stayed up for > than 1 seconds (startsecs)
2019-02-11 05:05:10,020 INFO exited: mysql (exit status 0; expected)
2019-02-11 05:05:10,118 INFO spawned: 'mysql' with pid 409
2019-02-11 05:05:11,121 INFO success: mysql entered RUNNING state, process has stayed up for > than 1 seconds (startsecs)
2019-02-11 05:05:12,445 INFO exited: mysql (exit status 0; expected)
2019-02-11 05:05:13,457 INFO spawned: 'mysql' with pid 458
2019-02-11 05:05:14,465 INFO success: mysql entered RUNNING state, process has stayed up for > than 1 seconds (startsecs)
2019-02-11 05:05:15,741 INFO exited: mysql (exit status 0; expected)
2019-02-11 05:05:16,752 INFO spawned: 'mysql' with pid 495
2019-02-11 05:05:17,757 INFO success: mysql entered RUNNING state, process has stayed up for > than 1 seconds (startsecs)
2019-02-11 05:05:19,119 INFO exited: mysql (exit status 0; expected)
2019-02-11 05:05:20,126 INFO spawned: 'mysql' with pid 532
2019-02-11 05:05:21,129 INFO success: mysql entered RUNNING state, process has stayed up for > than 1 seconds (startsecs)
2019-02-11 05:05:22,418 INFO exited: mysql (exit status 0; expected)
2019-02-11 05:05:23,429 INFO spawned: 'mysql' with pid 563
2019-02-11 05:05:24,434 INFO success: mysql entered RUNNING state, process has stayed up for > than 1 seconds (startsecs)
2019-02-11 05:05:25,713 INFO exited: mysql (exit status 0; expected)
2019-02-11 05:05:26,726 INFO spawned: 'mysql' with pid 594
2019-02-11 05:05:27,731 INFO success: mysql entered RUNNING state, process has stayed up for > than 1 seconds (startsecs)
2019-02-11 05:05:28,990 INFO exited: mysql (exit status 0; expected)
2019-02-11 05:05:29,995 INFO spawned: 'mysql' with pid 625
2019-02-11 05:05:30,997 INFO success: mysql entered RUNNING state, process has stayed up for > than 1 seconds (startsecs)
2019-02-11 05:05:32,280 INFO exited: mysql (exit status 0; expected)
2019-02-11 05:05:33,291 INFO spawned: 'mysql' with pid 652
2019-02-11 05:05:34,307 INFO success: mysql entered RUNNING state, process has stayed up for > than 1 seconds (startsecs)
2019-02-11 05:05:35,537 INFO exited: mysql (exit status 0; expected)
2019-02-11 05:05:36,543 INFO spawned: 'mysql' with pid 683
2019-02-11 05:05:37,548 INFO success: mysql entered RUNNING state, process has stayed up for > than 1 seconds (startsecs)
2019-02-11 05:05:38,801 INFO exited: mysql (exit status 0; expected)
2019-02-11 05:05:39,806 INFO spawned: 'mysql' with pid 714
2019-02-11 05:05:40,809 INFO success: mysql entered RUNNING state, process has stayed up for > than 1 seconds (startsecs)
2019-02-11 05:05:42,069 INFO exited: mysql (exit status 0; expected)
2019-02-11 05:05:43,075 INFO spawned: 'mysql' with pid 741
2019-02-11 05:05:44,080 INFO success: mysql entered RUNNING state, process has stayed up for > than 1 seconds (startsecs)
2019-02-11 05:05:45,364 INFO exited: mysql (exit status 0; expected)
2019-02-11 05:05:46,369 INFO spawned: 'mysql' with pid 772
2019-02-11 05:05:47,372 INFO success: mysql entered RUNNING state, process has stayed up for > than 1 seconds (startsecs)
2019-02-11 05:05:48,622 INFO exited: mysql (exit status 0; expected)
2019-02-11 05:05:49,631 INFO spawned: 'mysql' with pid 803
2019-02-11 05:05:50,638 INFO success: mysql entered RUNNING state, process has stayed up for > than 1 seconds (startsecs)
2019-02-11 05:05:51,911 INFO exited: mysql (exit status 0; expected)
2019-02-11 05:05:52,921 INFO spawned: 'mysql' with pid 830
2019-02-11 05:05:53,925 INFO success: mysql entered RUNNING state, process has stayed up for > than 1 seconds (startsecs)
2019-02-11 05:05:55,188 INFO exited: mysql (exit status 0; expected)
2019-02-11 05:05:56,197 INFO spawned: 'mysql' with pid 861
2019-02-11 05:05:57,202 INFO success: mysql entered RUNNING state, process has stayed up for > than 1 seconds (startsecs)
2019-02-11 05:05:58,457 INFO exited: mysql (exit status 0; expected)
2019-02-11 05:05:59,468 INFO spawned: 'mysql' with pid 892
2019-02-11 05:06:00,485 INFO success: mysql entered RUNNING state, process has stayed up for > than 1 seconds (startsecs)
2019-02-11 05:06:01,750 INFO exited: mysql (exit status 0; expected)
2019-02-11 05:06:02,759 INFO spawned: 'mysql' with pid 920
2019-02-11 05:06:03,763 INFO success: mysql entered RUNNING state, process has stayed up for > than 1 seconds (startsecs)
2019-02-11 05:06:05,053 INFO exited: mysql (exit status 0; expected)
2019-02-11 05:06:06,061 INFO spawned: 'mysql' with pid 951
2019-02-11 05:06:07,065 INFO success: mysql entered RUNNING state, process has stayed up for > than 1 seconds (startsecs)
2019-02-11 05:06:08,337 INFO exited: mysql (exit status 0; expected)
2019-02-11 05:06:09,341 INFO spawned: 'mysql' with pid 982
2019-02-11 05:06:10,344 INFO success: mysql entered RUNNING state, process has stayed up for > than 1 seconds (startsecs)
2019-02-11 05:06:11,609 INFO exited: mysql (exit status 0; expected)
2019-02-11 05:06:12,613 INFO spawned: 'mysql' with pid 1009
2019-02-11 05:06:13,617 INFO success: mysql entered RUNNING state, process has stayed up for > than 1 seconds (startsecs)
2019-02-11 05:06:14,871 INFO exited: mysql (exit status 0; expected)
2019-02-11 05:06:15,877 INFO spawned: 'mysql' with pid 1040
2019-02-11 05:06:16,882 INFO success: mysql entered RUNNING state, process has stayed up for > than 1 seconds (startsecs)
2019-02-11 05:06:18,150 INFO exited: mysql (exit status 0; expected)
2019-02-11 05:06:19,156 INFO spawned: 'mysql' with pid 1067
2019-02-11 05:06:20,159 INFO success: mysql entered RUNNING state, process has stayed up for > than 1 seconds (startsecs)
2019-02-11 05:06:21,502 INFO exited: mysql (exit status 0; expected)
2019-02-11 05:06:22,509 INFO spawned: 'mysql' with pid 1098
2019-02-11 05:06:23,512 INFO success: mysql entered RUNNING state, process has stayed up for > than 1 seconds (startsecs)
2019-02-11 05:06:24,917 INFO exited: mysql (exit status 0; expected)
2019-02-11 05:06:25,925 INFO spawned: 'mysql' with pid 1129
2019-02-11 05:06:26,936 INFO success: mysql entered RUNNING state, process has stayed up for > than 1 seconds (startsecs)
2019-02-11 05:06:28,263 INFO exited: mysql (exit status 0; expected)
2019-02-11 05:06:29,269 INFO spawned: 'mysql' with pid 1160
2019-02-11 05:06:30,272 INFO success: mysql entered RUNNING state, process has stayed up for > than 1 seconds (startsecs)
2019-02-11 05:06:31,572 INFO exited: mysql (exit status 0; expected)
2019-02-11 05:06:32,578 INFO spawned: 'mysql' with pid 1187
2019-02-11 05:06:33,582 INFO success: mysql entered RUNNING state, process has stayed up for > than 1 seconds (startsecs)
2019-02-11 05:06:35,085 INFO exited: mysql (exit status 0; expected)
2019-02-11 05:06:36,091 INFO spawned: 'mysql' with pid 1218
2019-02-11 05:06:37,093 INFO success: mysql entered RUNNING state, process has stayed up for > than 1 seconds (startsecs)
2019-02-11 05:06:38,388 INFO exited: mysql (exit status 0; expected)
2019-02-11 05:06:39,395 INFO spawned: 'mysql' with pid 1249
2019-02-11 05:06:40,399 INFO success: mysql entered RUNNING state, process has stayed up for > than 1 seconds (startsecs)
2019-02-11 05:06:41,762 INFO exited: mysql (exit status 0; expected)
2019-02-11 05:06:42,773 INFO spawned: 'mysql' with pid 1276
2019-02-11 05:06:43,782 INFO success: mysql entered RUNNING state, process has stayed up for > than 1 seconds (startsecs)
2019-02-11 05:06:45,038 INFO exited: mysql (exit status 0; expected)
2019-02-11 05:06:46,051 INFO spawned: 'mysql' with pid 1307
2019-02-11 05:06:47,070 INFO success: mysql entered RUNNING state, process has stayed up for > than 1 seconds (startsecs)
2019-02-11 05:06:48,324 INFO exited: mysql (exit status 0; expected)
2019-02-11 05:06:49,336 INFO spawned: 'mysql' with pid 1338
2019-02-11 05:06:50,354 INFO success: mysql entered RUNNING state, process has stayed up for > than 1 seconds (startsecs)
2019-02-11 05:06:51,644 INFO exited: mysql (exit status 0; expected)
2019-02-11 05:06:52,649 INFO spawned: 'mysql' with pid 1365
2019-02-11 05:06:53,652 INFO success: mysql entered RUNNING state, process has stayed up for > than 1 seconds (startsecs)
2019-02-11 05:06:54,906 INFO exited: mysql (exit status 0; expected)
2019-02-11 05:06:55,916 INFO spawned: 'mysql' with pid 1396
2019-02-11 05:06:56,923 INFO success: mysql entered RUNNING state, process has stayed up for > than 1 seconds (startsecs)
2019-02-11 05:06:58,220 INFO exited: mysql (exit status 0; expected)
2019-02-11 05:06:59,225 INFO spawned: 'mysql' with pid 1423
2019-02-11 05:07:00,229 INFO success: mysql entered RUNNING state, process has stayed up for > than 1 seconds (startsecs)
2019-02-11 05:07:01,599 INFO exited: mysql (exit status 0; expected)
2019-02-11 05:07:02,609 INFO spawned: 'mysql' with pid 1454
2019-02-11 05:07:03,623 INFO success: mysql entered RUNNING state, process has stayed up for > than 1 seconds (startsecs)
2019-02-11 05:07:04,876 INFO exited: mysql (exit status 0; expected)
2019-02-11 05:07:05,885 INFO spawned: 'mysql' with pid 1485
2019-02-11 05:07:06,895 INFO success: mysql entered RUNNING state, process has stayed up for > than 1 seconds (startsecs)
2019-02-11 05:07:08,291 INFO exited: mysql (exit status 0; expected)
2019-02-11 05:07:09,301 INFO spawned: 'mysql' with pid 1516
2019-02-11 05:07:10,306 INFO success: mysql entered RUNNING state, process has stayed up for > than 1 seconds (startsecs)
2019-02-11 05:07:11,537 INFO exited: mysql (exit status 0; expected)
2019-02-11 05:07:12,546 INFO spawned: 'mysql' with pid 1543
2019-02-11 05:07:13,551 INFO success: mysql entered RUNNING state, process has stayed up for > than 1 seconds (startsecs)
2019-02-11 05:07:14,885 INFO exited: mysql (exit status 0; expected)
2019-02-11 05:07:15,890 INFO spawned: 'mysql' with pid 1574
2019-02-11 05:07:16,895 INFO success: mysql entered RUNNING state, process has stayed up for > than 1 seconds (startsecs)
2019-02-11 05:07:18,290 INFO exited: mysql (exit status 0; expected)
2019-02-11 05:07:19,299 INFO spawned: 'mysql' with pid 1601
2019-02-11 05:07:20,312 INFO success: mysql entered RUNNING state, process has stayed up for > than 1 seconds (startsecs)
2019-02-11 05:07:21,663 INFO exited: mysql (exit status 0; expected)
2019-02-11 05:07:22,673 INFO spawned: 'mysql' with pid 1632
2019-02-11 05:07:23,682 INFO success: mysql entered RUNNING state, process has stayed up for > than 1 seconds (startsecs)
2019-02-11 05:07:24,977 INFO exited: mysql (exit status 0; expected)
2019-02-11 05:07:25,984 INFO spawned: 'mysql' with pid 1663
2019-02-11 05:07:26,988 INFO success: mysql entered RUNNING state, process has stayed up for > than 1 seconds (startsecs)
2019-02-11 05:07:28,226 INFO exited: mysql (exit status 0; expected)
2019-02-11 05:07:29,237 INFO spawned: 'mysql' with pid 1690
2019-02-11 05:07:30,244 INFO success: mysql entered RUNNING state, process has stayed up for > than 1 seconds (startsecs)
2019-02-11 05:07:31,508 INFO exited: mysql (exit status 0; expected)
2019-02-11 05:07:32,518 INFO spawned: 'mysql' with pid 1721
2019-02-11 05:07:33,527 INFO success: mysql entered RUNNING state, process has stayed up for > than 1 seconds (startsecs)
2019-02-11 05:07:34,834 INFO exited: mysql (exit status 0; expected)
2019-02-11 05:07:35,844 INFO spawned: 'mysql' with pid 1752
2019-02-11 05:07:36,852 INFO success: mysql entered RUNNING state, process has stayed up for > than 1 seconds (startsecs)
2019-02-11 05:07:38,134 INFO exited: mysql (exit status 0; expected)
2019-02-11 05:07:39,143 INFO spawned: 'mysql' with pid 1779
2019-02-11 05:07:40,152 INFO success: mysql entered RUNNING state, process has stayed up for > than 1 seconds (startsecs)
2019-02-11 05:07:41,401 INFO exited: mysql (exit status 0; expected)
2019-02-11 05:07:42,411 INFO spawned: 'mysql' with pid 1810
2019-02-11 05:07:43,424 INFO success: mysql entered RUNNING state, process has stayed up for > than 1 seconds (startsecs)
2019-02-11 05:07:44,687 INFO exited: mysql (exit status 0; expected)
2019-02-11 05:07:45,697 INFO spawned: 'mysql' with pid 1841
2019-02-11 05:07:46,704 INFO success: mysql entered RUNNING state, process has stayed up for > than 1 seconds (startsecs)
2019-02-11 05:07:48,018 INFO exited: mysql (exit status 0; expected)
2019-02-11 05:07:49,029 INFO spawned: 'mysql' with pid 1868
2019-02-11 05:07:50,038 INFO success: mysql entered RUNNING state, process has stayed up for > than 1 seconds (startsecs)
2019-02-11 05:07:51,346 INFO exited: mysql (exit status 0; expected)
2019-02-11 05:07:52,357 INFO spawned: 'mysql' with pid 1899
2019-02-11 05:07:53,366 INFO success: mysql entered RUNNING state, process has stayed up for > than 1 seconds (startsecs)
2019-02-11 05:07:54,734 INFO exited: mysql (exit status 0; expected)
2019-02-11 05:07:55,744 INFO spawned: 'mysql' with pid 1930
2019-02-11 05:07:56,755 INFO success: mysql entered RUNNING state, process has stayed up for > than 1 seconds (startsecs)
2019-02-11 05:07:58,083 INFO exited: mysql (exit status 0; expected)
2019-02-11 05:07:59,093 INFO spawned: 'mysql' with pid 1957
2019-02-11 05:08:00,101 INFO success: mysql entered RUNNING state, process has stayed up for > than 1 seconds (startsecs)
2019-02-11 05:08:01,448 INFO exited: mysql (exit status 0; expected)
2019-02-11 05:08:01,491 INFO spawned: 'mysql' with pid 1988
2019-02-11 05:08:02,494 INFO success: mysql entered RUNNING state, process has stayed up for > than 1 seconds (startsecs)
2019-02-11 05:08:03,729 INFO exited: mysql (exit status 0; expected)
2019-02-11 05:08:04,739 INFO spawned: 'mysql' with pid 2019
2019-02-11 05:08:05,754 INFO success: mysql entered RUNNING state, process has stayed up for > than 1 seconds (startsecs)
2019-02-11 05:08:07,058 INFO exited: mysql (exit status 0; expected)
2019-02-11 05:08:08,064 INFO spawned: 'mysql' with pid 2046
2019-02-11 05:08:09,068 INFO success: mysql entered RUNNING state, process has stayed up for > than 1 seconds (startsecs)
2019-02-11 05:08:10,331 INFO exited: mysql (exit status 0; expected)
2019-02-11 05:08:11,341 INFO spawned: 'mysql' with pid 2077
2019-02-11 05:08:12,349 INFO success: mysql entered RUNNING state, process has stayed up for > than 1 seconds (startsecs)
2019-02-11 05:08:13,652 INFO exited: mysql (exit status 0; expected)
2019-02-11 05:08:14,658 INFO spawned: 'mysql' with pid 2108
2019-02-11 05:08:15,663 INFO success: mysql entered RUNNING state, process has stayed up for > than 1 seconds (startsecs)
2019-02-11 05:08:16,978 INFO exited: mysql (exit status 0; expected)
2019-02-11 05:08:17,993 INFO spawned: 'mysql' with pid 2135
2019-02-11 05:08:19,003 INFO success: mysql entered RUNNING state, process has stayed up for > than 1 seconds (startsecs)
2019-02-11 05:08:20,282 INFO exited: mysql (exit status 0; expected)
2019-02-11 05:08:21,292 INFO spawned: 'mysql' with pid 2166
2019-02-11 05:08:22,304 INFO success: mysql entered RUNNING state, process has stayed up for > than 1 seconds (startsecs)
2019-02-11 05:08:23,617 INFO exited: mysql (exit status 0; expected)
2019-02-11 05:08:24,627 INFO spawned: 'mysql' with pid 2197
2019-02-11 05:08:25,636 INFO success: mysql entered RUNNING state, process has stayed up for > than 1 seconds (startsecs)
2019-02-11 05:08:26,914 INFO exited: mysql (exit status 0; expected)
2019-02-11 05:08:27,928 INFO spawned: 'mysql' with pid 2224
2019-02-11 05:08:28,934 INFO success: mysql entered RUNNING state, process has stayed up for > than 1 seconds (startsecs)
2019-02-11 05:08:30,257 INFO exited: mysql (exit status 0; expected)
2019-02-11 05:08:31,261 INFO spawned: 'mysql' with pid 2255
2019-02-11 05:08:32,265 INFO success: mysql entered RUNNING state, process has stayed up for > than 1 seconds (startsecs)
2019-02-11 05:08:33,529 INFO exited: mysql (exit status 0; expected)
2019-02-11 05:08:34,535 INFO spawned: 'mysql' with pid 2286
2019-02-11 05:08:35,539 INFO success: mysql entered RUNNING state, process has stayed up for > than 1 seconds (startsecs)
2019-02-11 05:08:36,819 INFO exited: mysql (exit status 0; expected)
2019-02-11 05:08:37,823 INFO spawned: 'mysql' with pid 2313
2019-02-11 05:08:38,827 INFO success: mysql entered RUNNING state, process has stayed up for > than 1 seconds (startsecs)
2019-02-11 05:08:40,083 INFO exited: mysql (exit status 0; expected)
2019-02-11 05:08:41,093 INFO spawned: 'mysql' with pid 2344
2019-02-11 05:08:42,102 INFO success: mysql entered RUNNING state, process has stayed up for > than 1 seconds (startsecs)
2019-02-11 05:08:43,354 INFO exited: mysql (exit status 0; expected)
2019-02-11 05:08:44,363 INFO spawned: 'mysql' with pid 2371
2019-02-11 05:08:45,374 INFO success: mysql entered RUNNING state, process has stayed up for > than 1 seconds (startsecs)
2019-02-11 05:08:46,620 INFO exited: mysql (exit status 0; expected)
2019-02-11 05:08:47,626 INFO spawned: 'mysql' with pid 2402
2019-02-11 05:08:48,629 INFO success: mysql entered RUNNING state, process has stayed up for > than 1 seconds (startsecs)
2019-02-11 05:08:49,899 INFO exited: mysql (exit status 0; expected)
2019-02-11 05:08:50,906 INFO spawned: 'mysql' with pid 2433
2019-02-11 05:08:51,917 INFO success: mysql entered RUNNING state, process has stayed up for > than 1 seconds (startsecs)
2019-02-11 05:08:53,229 INFO exited: mysql (exit status 0; expected)
2019-02-11 05:08:54,238 INFO spawned: 'mysql' with pid 2460
2019-02-11 05:08:55,245 INFO success: mysql entered RUNNING state, process has stayed up for > than 1 seconds (startsecs)
2019-02-11 05:08:55,984 WARN received SIGTERM indicating exit request
2019-02-11 05:08:55,985 INFO waiting for varnishd, php-fpm, varnish-plugins-watcher, nginx, MailHog, mysql, varnish-themes-watcher to die
2019-02-11 05:08:56,513 INFO stopped: varnish-themes-watcher (terminated by SIGTERM)
2019-02-11 05:08:56,514 INFO exited: mysql (exit status 0; expected)
2019-02-11 05:08:56,518 INFO stopped: MailHog (terminated by SIGTERM)
2019-02-11 05:08:56,524 INFO stopped: nginx (exit status 0)
2019-02-11 05:08:57,528 INFO stopped: varnish-plugins-watcher (terminated by SIGTERM)
2019-02-11 05:08:57,552 INFO stopped: php-fpm (exit status 0)
2019-02-11 05:08:58,700 INFO stopped: varnishd (exit status 0)
2019-02-11 05:15:07,616 CRIT Supervisor running as root (no user in config file)
2019-02-11 05:15:07,625 INFO Included extra file "/etc/supervisor/conf.d/supervisord.conf" during parsing
2019-02-11 05:15:08,700 INFO RPC interface 'supervisor' initialized
2019-02-11 05:15:08,705 CRIT Server 'unix_http_server' running without any HTTP authentication checking
2019-02-11 05:15:08,831 INFO supervisord started with pid 1
2019-02-11 05:15:09,860 INFO spawned: 'varnishd' with pid 81
2019-02-11 05:15:09,941 INFO spawned: 'php-fpm' with pid 82
2019-02-11 05:15:10,033 INFO spawned: 'varnish-plugins-watcher' with pid 83
2019-02-11 05:15:10,287 INFO spawned: 'nginx' with pid 84
2019-02-11 05:15:10,296 INFO spawned: 'MailHog' with pid 85
2019-02-11 05:15:10,302 INFO spawned: 'mysql' with pid 86
2019-02-11 05:15:10,319 INFO spawned: 'varnish-themes-watcher' with pid 87
2019-02-11 05:15:11,322 INFO success: varnishd entered RUNNING state, process has stayed up for > than 1 seconds (startsecs)
2019-02-11 05:15:11,392 INFO success: php-fpm entered RUNNING state, process has stayed up for > than 1 seconds (startsecs)
2019-02-11 05:15:11,392 INFO success: varnish-plugins-watcher entered RUNNING state, process has stayed up for > than 1 seconds (startsecs)
2019-02-11 05:15:11,393 INFO success: nginx entered RUNNING state, process has stayed up for > than 1 seconds (startsecs)
2019-02-11 05:15:11,394 INFO success: MailHog entered RUNNING state, process has stayed up for > than 1 seconds (startsecs)
2019-02-11 05:15:11,395 INFO success: mysql entered RUNNING state, process has stayed up for > than 1 seconds (startsecs)
2019-02-11 05:15:11,395 INFO success: varnish-themes-watcher entered RUNNING state, process has stayed up for > than 1 seconds (startsecs)
